\BOOKMARK [0][-]{cover.0}{\376\377\000N\000J\000U\000\040\000C\000o\000v\000e\000r}{}% 1
\BOOKMARK [0][-]{abstract.0}{\376\377\144\130\060\000\211\201}{}% 2
\BOOKMARK [0][-]{englishabstract.0}{\376\377\000A\000b\000s\000t\000r\000a\000c\000t}{}% 3
\BOOKMARK [0][-]{chapter*.1}{\376\377\166\356\137\125}{}% 4
\BOOKMARK [0][-]{chapter*.2}{\376\377\210\150\000\040\000\040\166\356\000\040\000\040\137\125}{}% 5
\BOOKMARK [0][-]{chapter*.3}{\376\377\126\376\000\040\000\040\166\356\000\040\000\040\137\125}{}% 6
\BOOKMARK [0][-]{chapter.1}{\376\377\173\054\116\000\172\340\000\040\000\040\137\025\212\000}{}% 7
\BOOKMARK [1][-]{section.1.1}{\376\377\0001\000.\0001\000\040\230\171\166\356\200\314\146\157}{chapter.1}% 8
\BOOKMARK [1][-]{section.1.2}{\376\377\0001\000.\0002\000\040\127\050\176\277\231\020\231\156\174\373\176\337\126\375\121\205\131\026\123\321\134\125\151\202\121\265}{chapter.1}% 9
\BOOKMARK [1][-]{section.1.3}{\376\377\0001\000.\0003\000\040\147\054\145\207\116\073\211\201\135\345\117\134}{chapter.1}% 10
\BOOKMARK [1][-]{section.1.4}{\376\377\0001\000.\0004\000\040\147\054\145\207\176\304\176\307\176\323\147\204}{chapter.1}% 11
\BOOKMARK [0][-]{chapter.2}{\376\377\173\054\116\214\172\340\000\040\000\040\142\200\147\057\176\374\217\360}{}% 12
\BOOKMARK [1][-]{section.2.1}{\376\377\0002\000.\0001\000\040\000S\000p\000r\000i\000n\000g\000\040\000M\000V\000C\142\200\147\057}{chapter.2}% 13
\BOOKMARK [1][-]{section.2.2}{\376\377\0002\000.\0002\000\040\000S\000p\000r\000i\000n\000g\000\040\000C\000l\000o\000u\000d\137\256\147\015\122\241\220\350\177\162\147\266\147\204}{chapter.2}% 14
\BOOKMARK [1][-]{section.2.3}{\376\377\0002\000.\0003\000\040\000S\000p\000r\000i\000n\000g\000\040\000B\000o\000o\000t\142\200\147\057}{chapter.2}% 15
\BOOKMARK [1][-]{section.2.4}{\376\377\0002\000.\0004\000\040\000D\000r\000u\000i\000d\145\160\143\156\136\223\217\336\143\245\154\140}{chapter.2}% 16
\BOOKMARK [1][-]{section.2.5}{\376\377\0002\000.\0005\000\040\000R\000e\000d\000i\000s}{chapter.2}% 17
\BOOKMARK [1][-]{section.2.6}{\376\377\0002\000.\0006\000\040\122\115\172\357\142\200\147\057}{chapter.2}% 18
\BOOKMARK [2][-]{subsection.2.6.1}{\376\377\0002\000.\0006\000.\0001\000\040\000R\000e\000a\000c\000t\124\214\000R\000e\000d\000u\000x}{section.2.6}% 19
\BOOKMARK [2][-]{subsection.2.6.2}{\376\377\0002\000.\0006\000.\0002\000\040\000I\000m\000m\000u\000t\000a\000b\000l\000e\000.\000j\000s}{section.2.6}% 20
\BOOKMARK [2][-]{subsection.2.6.3}{\376\377\0002\000.\0006\000.\0003\000\040\000a\000n\000t\000d}{section.2.6}% 21
\BOOKMARK [2][-]{subsection.2.6.4}{\376\377\0002\000.\0006\000.\0004\000\040\000R\000e\000a\000c\000t\000-\000A\000M\000a\000p}{section.2.6}% 22
\BOOKMARK [2][-]{subsection.2.6.5}{\376\377\0002\000.\0006\000.\0005\000\040\000W\000e\000b\000p\000a\000c\000k}{section.2.6}% 23
\BOOKMARK [1][-]{section.2.7}{\376\377\0002\000.\0007\000\040\000K\000a\000f\000k\000a\155\210\140\157\174\373\176\337}{chapter.2}% 24
\BOOKMARK [1][-]{section.2.8}{\376\377\0002\000.\0008\000\040\137\256\117\341\145\057\116\330\133\235\145\057\116\330}{chapter.2}% 25
\BOOKMARK [2][-]{subsection.2.8.1}{\376\377\0002\000.\0008\000.\0001\000\040\137\256\117\341\145\057\116\330}{section.2.8}% 26
\BOOKMARK [2][-]{subsection.2.8.2}{\376\377\0002\000.\0008\000.\0002\000\040\145\057\116\330\133\235\145\057\116\330}{section.2.8}% 27
\BOOKMARK [1][-]{section.2.9}{\376\377\0002\000.\0009\000\040\147\054\172\340\134\017\176\323}{chapter.2}% 28
\BOOKMARK [0][-]{chapter.3}{\376\377\173\054\116\011\172\340\000\040\000\040\137\155\136\206\171\217\231\020\123\205\160\271\123\125\174\373\176\337\227\000\154\102\122\006\147\220\116\016\151\202\211\201\213\276\213\241}{}% 29
\BOOKMARK [1][-]{section.3.1}{\376\377\0003\000.\0001\000\040\174\373\176\337\227\000\154\102\151\202\217\360\116\016\123\357\210\114\140\047\122\006\147\220}{chapter.3}% 30
\BOOKMARK [2][-]{subsection.3.1.1}{\376\377\0003\000.\0001\000.\0001\000\040\174\373\176\337\213\276\213\241\166\356\150\007}{section.3.1}% 31
\BOOKMARK [2][-]{subsection.3.1.2}{\376\377\0003\000.\0001\000.\0002\000\040\227\000\154\102\151\202\217\360}{section.3.1}% 32
\BOOKMARK [2][-]{subsection.3.1.3}{\376\377\0003\000.\0001\000.\0003\000\040\123\357\210\114\140\047\122\006\147\220}{section.3.1}% 33
\BOOKMARK [1][-]{section.3.2}{\376\377\0003\000.\0002\000\040\174\373\176\337\227\000\154\102\122\006\147\220}{chapter.3}% 34
\BOOKMARK [2][-]{subsection.3.2.1}{\376\377\0003\000.\0002\000.\0001\000\040\230\176\133\242\122\237\200\375\227\000\154\102}{section.3.2}% 35
\BOOKMARK [2][-]{subsection.3.2.2}{\376\377\0003\000.\0002\000.\0002\000\040\125\106\133\266\122\237\200\375\227\000\154\102}{section.3.2}% 36
\BOOKMARK [2][-]{subsection.3.2.3}{\376\377\0003\000.\0002\000.\0003\000\040\174\373\176\337\227\136\122\237\200\375\140\047\227\000\154\102\122\006\147\220}{section.3.2}% 37
\BOOKMARK [1][-]{section.3.3}{\376\377\0003\000.\0003\000\040\230\176\133\242\122\237\200\375\142\147\210\114\155\101\172\013\213\276\213\241}{chapter.3}% 38
\BOOKMARK [1][-]{section.3.4}{\376\377\0003\000.\0004\000\040\174\373\176\337\151\202\211\201\213\276\213\241}{chapter.3}% 39
\BOOKMARK [2][-]{subsection.3.4.1}{\376\377\0003\000.\0004\000.\0001\000\040\140\073\117\123\213\276\213\241}{section.3.4}% 40
\BOOKMARK [2][-]{subsection.3.4.2}{\376\377\0003\000.\0004\000.\0002\000\040\220\350\177\162\147\266\147\204}{section.3.4}% 41
\BOOKMARK [1][-]{section.3.5}{\376\377\0003\000.\0005\000\040\145\160\143\156\136\223\213\276\213\241}{chapter.3}% 42
\BOOKMARK [1][-]{section.3.6}{\376\377\0003\000.\0006\000\040\147\054\172\340\134\017\176\323}{chapter.3}% 43
\BOOKMARK [0][-]{chapter.4}{\376\377\173\054\126\333\172\340\000\040\000\040\137\155\136\206\171\217\231\020\123\205\160\271\123\125\174\373\176\337\166\204\213\346\176\306\213\276\213\241\116\016\133\236\163\260}{}% 44
\BOOKMARK [1][-]{section.4.1}{\376\377\0004\000.\0001\000\040\152\041\127\127\213\276\213\241}{chapter.4}% 45
\BOOKMARK [1][-]{section.4.2}{\376\377\0004\000.\0002\000\040\213\242\123\125\123\321\136\003\152\041\127\127}{chapter.4}% 46
\BOOKMARK [2][-]{subsection.4.2.1}{\376\377\0004\000.\0002\000.\0001\000\040\213\242\123\125\123\321\136\003\152\041\127\127\116\313\176\315}{section.4.2}% 47
\BOOKMARK [2][-]{subsection.4.2.2}{\376\377\0004\000.\0002\000.\0002\000\040\213\242\123\125\123\321\136\003\152\041\127\127\213\346\176\306\213\276\213\241}{section.4.2}% 48
\BOOKMARK [2][-]{subsection.4.2.3}{\376\377\0004\000.\0002\000.\0003\000\040\213\242\123\125\123\321\136\003\152\041\127\127\133\236\163\260}{section.4.2}% 49
\BOOKMARK [1][-]{section.4.3}{\376\377\0004\000.\0003\000\040\145\057\116\330\152\041\127\127}{chapter.4}% 50
\BOOKMARK [2][-]{subsection.4.3.1}{\376\377\0004\000.\0003\000.\0001\000\040\145\057\116\330\152\041\127\127\116\313\176\315}{section.4.3}% 51
\BOOKMARK [2][-]{subsection.4.3.2}{\376\377\0004\000.\0003\000.\0002\000\040\145\057\116\330\152\041\127\127\213\346\176\306\213\276\213\241}{section.4.3}% 52
\BOOKMARK [2][-]{subsection.4.3.3}{\376\377\0004\000.\0003\000.\0003\000\040\145\057\116\330\152\041\127\127\133\236\163\260}{section.4.3}% 53
\BOOKMARK [1][-]{section.4.4}{\376\377\0004\000.\0004\000\040\165\050\142\067\173\241\164\006\152\041\127\127}{chapter.4}% 54
\BOOKMARK [2][-]{subsection.4.4.1}{\376\377\0004\000.\0004\000.\0001\000\040\165\050\142\067\173\241\164\006\152\041\127\127\116\313\176\315}{section.4.4}% 55
\BOOKMARK [2][-]{subsection.4.4.2}{\376\377\0004\000.\0004\000.\0002\000\040\165\050\142\067\173\241\164\006\152\041\127\127\213\346\176\306\213\276\213\241}{section.4.4}% 56
\BOOKMARK [2][-]{subsection.4.4.3}{\376\377\0004\000.\0004\000.\0003\000\040\165\050\142\067\173\241\164\006\152\041\127\127\133\236\163\260}{section.4.4}% 57
\BOOKMARK [1][-]{section.4.5}{\376\377\0004\000.\0005\000\040\176\337\213\241\142\245\210\150\152\041\127\127}{chapter.4}% 58
\BOOKMARK [2][-]{subsection.4.5.1}{\376\377\0004\000.\0005\000.\0001\000\040\176\337\213\241\142\245\210\150\152\041\127\127\116\313\176\315}{section.4.5}% 59
\BOOKMARK [2][-]{subsection.4.5.2}{\376\377\0004\000.\0005\000.\0002\000\040\176\337\213\241\142\245\210\150\152\041\127\127\213\346\176\306\213\276\213\241}{section.4.5}% 60
\BOOKMARK [2][-]{subsection.4.5.3}{\376\377\0004\000.\0005\000.\0003\000\040\176\337\213\241\142\245\210\150\152\041\127\127\133\236\163\260}{section.4.5}% 61
\BOOKMARK [1][-]{section.4.6}{\376\377\0004\000.\0006\000\040\136\247\117\115\173\241\164\006\152\041\127\127}{chapter.4}% 62
\BOOKMARK [2][-]{subsection.4.6.1}{\376\377\0004\000.\0006\000.\0001\000\040\136\247\117\115\173\241\164\006\152\041\127\127\116\313\176\315}{section.4.6}% 63
\BOOKMARK [2][-]{subsection.4.6.2}{\376\377\0004\000.\0006\000.\0002\000\040\136\247\117\115\173\241\164\006\152\041\127\127\213\346\176\306\213\276\213\241}{section.4.6}% 64
\BOOKMARK [2][-]{subsection.4.6.3}{\376\377\0004\000.\0006\000.\0003\000\040\136\247\117\115\173\241\164\006\152\041\127\127\133\236\163\260}{section.4.6}% 65
\BOOKMARK [1][-]{section.4.7}{\376\377\0004\000.\0007\000\040\121\372\124\301\123\321\136\003\152\041\127\127}{chapter.4}% 66
\BOOKMARK [2][-]{subsection.4.7.1}{\376\377\0004\000.\0007\000.\0001\000\040\121\372\124\301\123\321\136\003\152\041\127\127\116\313\176\315}{section.4.7}% 67
\BOOKMARK [2][-]{subsection.4.7.2}{\376\377\0004\000.\0007\000.\0002\000\040\121\372\124\301\123\321\136\003\152\041\127\127\213\346\176\306\213\276\213\241}{section.4.7}% 68
\BOOKMARK [2][-]{subsection.4.7.3}{\376\377\0004\000.\0007\000.\0003\000\040\121\372\124\301\123\321\136\003\152\041\127\127\133\236\163\260}{section.4.7}% 69
\BOOKMARK [1][-]{section.4.8}{\376\377\0004\000.\0008\000\040\147\054\172\340\134\017\176\323}{chapter.4}% 70
\BOOKMARK [0][-]{chapter.5}{\376\377\173\054\116\224\172\340\000\040\000\040\174\373\176\337\155\113\213\325}{}% 71
\BOOKMARK [1][-]{section.5.1}{\376\377\0005\000.\0001\000\040\174\373\176\337\155\113\213\325\163\257\130\203}{chapter.5}% 72
\BOOKMARK [2][-]{subsection.5.1.1}{\376\377\0005\000.\0001\000.\0001\000\040\155\113\213\325\116\016\137\000\123\321\163\257\130\203}{section.5.1}% 73
\BOOKMARK [2][-]{subsection.5.1.2}{\376\377\0005\000.\0001\000.\0002\000\040\155\113\213\325\140\035\215\357}{section.5.1}% 74
\BOOKMARK [1][-]{section.5.2}{\376\377\0005\000.\0002\000\040\174\373\176\337\155\113\213\325\217\307\172\013\116\016\176\323\147\234}{chapter.5}% 75
\BOOKMARK [2][-]{subsection.5.2.1}{\376\377\0005\000.\0002\000.\0001\000\040\122\237\200\375\155\113\213\325}{section.5.2}% 76
\BOOKMARK [2][-]{subsection.5.2.2}{\376\377\0005\000.\0002\000.\0002\000\040\140\047\200\375\155\113\213\325}{section.5.2}% 77
\BOOKMARK [1][-]{section.5.3}{\376\377\0005\000.\0003\000\040\147\054\172\340\134\017\176\323}{chapter.5}% 78
\BOOKMARK [0][-]{chapter.6}{\376\377\173\054\121\155\172\340\000\040\000\040\140\073\176\323\116\016\134\125\147\033}{}% 79
\BOOKMARK [1][-]{section.6.1}{\376\377\0006\000.\0001\000\040\213\272\145\207\135\345\117\134\140\073\176\323}{chapter.6}% 80
\BOOKMARK [1][-]{section.6.2}{\376\377\0006\000.\0002\000\040\134\125\147\033}{chapter.6}% 81
\BOOKMARK [0][-]{chapter*.4}{\376\377\123\302\200\003\145\207\163\056}{}% 82
